<?xml version="1.0" encoding="UTF-8"?>
<!-- Generated by org.testng.reporters.JUnitReportReporter -->
<testsuite skipped="0" hostname="asd" name="com.testng.DataProvider" tests="2" failures="0" timestamp="01 Feb 2020 06:52:34 GMT" time="18.822" errors="0">
  <testcase name="tc1" time="15.119" classname="com.testng.DataProvider"/>
  <testcase name="tc1" time="3.703" classname="com.testng.DataProvider"/>
</testsuite> <!-- com.testng.DataProvider -->
