<?xml version="1.0" encoding="UTF-8"?>
<!-- Generated by org.testng.reporters.JUnitReportReporter -->
<testsuite skipped="0" hostname="asd" name="com.testng.TestNg" tests="1" failures="0" timestamp="31 Jan 2020 12:17:37 GMT" time="22.291" errors="0">
  <testcase name="tc01" time="22.291" classname="com.testng.TestNg"/>
</testsuite> <!-- com.testng.TestNg -->
