<?xml version="1.0" encoding="UTF-8"?>
<!-- Generated by org.testng.reporters.JUnitReportReporter -->
<testsuite skipped="0" hostname="asd" name="com.testng.DataProviderTask" tests="3" failures="0" timestamp="01 Feb 2020 07:12:49 GMT" time="33.698" errors="0">
  <testcase name="tc1" time="6.162" classname="com.testng.DataProviderTask"/>
  <testcase name="tc1" time="20.383" classname="com.testng.DataProviderTask"/>
  <testcase name="tc1" time="7.153" classname="com.testng.DataProviderTask"/>
</testsuite> <!-- com.testng.DataProviderTask -->
